2026-06-15 14:03:27,975-INFO-ingestingbegin_inventory.csvin db
2026-06-15 14:03:32,363-INFO-ingestingend_inventory.csvin db
2026-06-15 14:03:45,538-INFO-ingestingpurchases.csvin db
2026-06-15 14:05:30,600-INFO-ingestingpurchase_prices.csvin db
2026-06-15 14:06:10,410-INFO-ingestingsales.csvin db
2026-06-15 14:16:08,179-INFO-ingestingvendor_invoice.csvin db
2026-06-15 14:16:08,848-INFO-ingestingvendor_sales_summary.csvin db
2026-06-17 17:41:32,013-INFO-Creating Vendor Summary Table.....
2026-06-17 17:42:33,429-INFO-   VendorNumber                   VendorName  Brand              Description  \
0          1128  BROWN-FORMAN CORP             1233  Jack Daniels No 7 Black   
1          4425        MARTIGNETTI COMPANIES   3405    Tito's Handmade Vodka   
2         17035  PERNOD RICARD USA             8068         Absolut 80 Proof   
3          3960  DIAGEO NORTH AMERICA INC      4261   Capt Morgan Spiced Rum   
4          3960  DIAGEO NORTH AMERICA INC      3545          Ketel One Vodka   

   PurchasePrice Volume  ActualPrice  TotalPurchaseQuantity  \
0          26.27   1750        36.99                 145080   
1          23.19   1750        28.99                 164038   
2          18.24   1750        24.99                 187407   
3          16.17   1750        22.99                 201682   
4          21.89   1750        29.99                 138109   

   TotalPurchaseDollars  TotalSalesDollars  TotalSalesPrice  \
0            3811251.60         5101919.51        672819.31   
1            3804041.22         4819073.49        561512.37   
2            3418303.68         4538120.60        461140.15   
3            3261197.94         4475972.88        420050.01   
4            3023206.01         4223107.62        545778.28   

   TotalSalesQuantity  TotalExciseTax  FreightCost  
0            142049.0       260999.20     68601.68  
1            160247.0       294438.66    144929.24  
2            187140.0       343854.07    123780.22  
3            200412.0       368242.80    257032.07  
4            135838.0       249587.83    257032.07  
2026-06-17 17:42:33,443-INFO-Cleaning Data.....
2026-06-17 17:45:16,592-INFO-Creating Vendor Summary Table.....
2026-06-17 17:46:14,625-INFO-   VendorNumber                   VendorName  Brand              Description  \
0          1128  BROWN-FORMAN CORP             1233  Jack Daniels No 7 Black   
1          4425        MARTIGNETTI COMPANIES   3405    Tito's Handmade Vodka   
2         17035  PERNOD RICARD USA             8068         Absolut 80 Proof   
3          3960  DIAGEO NORTH AMERICA INC      4261   Capt Morgan Spiced Rum   
4          3960  DIAGEO NORTH AMERICA INC      3545          Ketel One Vodka   

   PurchasePrice Volume  ActualPrice  TotalPurchaseQuantity  \
0          26.27   1750        36.99                 145080   
1          23.19   1750        28.99                 164038   
2          18.24   1750        24.99                 187407   
3          16.17   1750        22.99                 201682   
4          21.89   1750        29.99                 138109   

   TotalPurchaseDollars  TotalSalesDollars  TotalSalesPrice  \
0            3811251.60         5101919.51        672819.31   
1            3804041.22         4819073.49        561512.37   
2            3418303.68         4538120.60        461140.15   
3            3261197.94         4475972.88        420050.01   
4            3023206.01         4223107.62        545778.28   

   TotalSalesQuantity  TotalExciseTax  FreightCost  
0            142049.0       260999.20     68601.68  
1            160247.0       294438.66    144929.24  
2            187140.0       343854.07    123780.22  
3            200412.0       368242.80    257032.07  
4            135838.0       249587.83    257032.07  
2026-06-17 17:46:14,634-INFO-Cleaning Data.....
2026-06-17 17:48:47,244-INFO-Creating Vendor Summary Table.....
2026-06-17 17:49:46,836-INFO-   VendorNumber                   VendorName  Brand              Description  \
0          1128  BROWN-FORMAN CORP             1233  Jack Daniels No 7 Black   
1          4425        MARTIGNETTI COMPANIES   3405    Tito's Handmade Vodka   
2         17035  PERNOD RICARD USA             8068         Absolut 80 Proof   
3          3960  DIAGEO NORTH AMERICA INC      4261   Capt Morgan Spiced Rum   
4          3960  DIAGEO NORTH AMERICA INC      3545          Ketel One Vodka   

   PurchasePrice Volume  ActualPrice  TotalPurchaseQuantity  \
0          26.27   1750        36.99                 145080   
1          23.19   1750        28.99                 164038   
2          18.24   1750        24.99                 187407   
3          16.17   1750        22.99                 201682   
4          21.89   1750        29.99                 138109   

   TotalPurchaseDollars  TotalSalesDollars  TotalSalesPrice  \
0            3811251.60         5101919.51        672819.31   
1            3804041.22         4819073.49        561512.37   
2            3418303.68         4538120.60        461140.15   
3            3261197.94         4475972.88        420050.01   
4            3023206.01         4223107.62        545778.28   

   TotalSalesQuantity  TotalExciseTax  FreightCost  
0            142049.0       260999.20     68601.68  
1            160247.0       294438.66    144929.24  
2            187140.0       343854.07    123780.22  
3            200412.0       368242.80    257032.07  
4            135838.0       249587.83    257032.07  
2026-06-17 17:49:46,847-INFO-Cleaning Data.....
2026-06-17 17:51:17,238-INFO-Creating Vendor Summary Table.....
2026-06-17 17:52:19,073-INFO-   VendorNumber                   VendorName  Brand              Description  \
0          1128  BROWN-FORMAN CORP             1233  Jack Daniels No 7 Black   
1          4425        MARTIGNETTI COMPANIES   3405    Tito's Handmade Vodka   
2         17035  PERNOD RICARD USA             8068         Absolut 80 Proof   
3          3960  DIAGEO NORTH AMERICA INC      4261   Capt Morgan Spiced Rum   
4          3960  DIAGEO NORTH AMERICA INC      3545          Ketel One Vodka   

   PurchasePrice Volume  ActualPrice  TotalPurchaseQuantity  \
0          26.27   1750        36.99                 145080   
1          23.19   1750        28.99                 164038   
2          18.24   1750        24.99                 187407   
3          16.17   1750        22.99                 201682   
4          21.89   1750        29.99                 138109   

   TotalPurchaseDollars  TotalSalesDollars  TotalSalesPrice  \
0            3811251.60         5101919.51        672819.31   
1            3804041.22         4819073.49        561512.37   
2            3418303.68         4538120.60        461140.15   
3            3261197.94         4475972.88        420050.01   
4            3023206.01         4223107.62        545778.28   

   TotalSalesQuantity  TotalExciseTax  FreightCost  
0            142049.0       260999.20     68601.68  
1            160247.0       294438.66    144929.24  
2            187140.0       343854.07    123780.22  
3            200412.0       368242.80    257032.07  
4            135838.0       249587.83    257032.07  
2026-06-17 17:52:19,080-INFO-Cleaning Data.....
2026-06-17 17:56:18,081-INFO-Creating Vendor Summary Table.....
2026-06-17 17:57:14,191-INFO-   VendorNumber                   VendorName  Brand              Description  \
0          1128  BROWN-FORMAN CORP             1233  Jack Daniels No 7 Black   
1          4425        MARTIGNETTI COMPANIES   3405    Tito's Handmade Vodka   
2         17035  PERNOD RICARD USA             8068         Absolut 80 Proof   
3          3960  DIAGEO NORTH AMERICA INC      4261   Capt Morgan Spiced Rum   
4          3960  DIAGEO NORTH AMERICA INC      3545          Ketel One Vodka   

   PurchasePrice Volume  ActualPrice  TotalPurchaseQuantity  \
0          26.27   1750        36.99                 145080   
1          23.19   1750        28.99                 164038   
2          18.24   1750        24.99                 187407   
3          16.17   1750        22.99                 201682   
4          21.89   1750        29.99                 138109   

   TotalPurchaseDollars  TotalSalesDollars  TotalSalesPrice  \
0            3811251.60         5101919.51        672819.31   
1            3804041.22         4819073.49        561512.37   
2            3418303.68         4538120.60        461140.15   
3            3261197.94         4475972.88        420050.01   
4            3023206.01         4223107.62        545778.28   

   TotalSalesQuantity  TotalExciseTax  FreightCost  
0            142049.0       260999.20     68601.68  
1            160247.0       294438.66    144929.24  
2            187140.0       343854.07    123780.22  
3            200412.0       368242.80    257032.07  
4            135838.0       249587.83    257032.07  
2026-06-17 17:57:14,202-INFO-Cleaning Data.....
2026-06-17 17:57:14,215-INFO-   VendorNumber                VendorName  Brand              Description  \
0          1128         BROWN-FORMAN CORP   1233  Jack Daniels No 7 Black   
1          4425     MARTIGNETTI COMPANIES   3405    Tito's Handmade Vodka   
2         17035         PERNOD RICARD USA   8068         Absolut 80 Proof   
3          3960  DIAGEO NORTH AMERICA INC   4261   Capt Morgan Spiced Rum   
4          3960  DIAGEO NORTH AMERICA INC   3545          Ketel One Vodka   

   PurchasePrice  Volume  ActualPrice  TotalPurchaseQuantity  \
0          26.27  1750.0        36.99                 145080   
1          23.19  1750.0        28.99                 164038   
2          18.24  1750.0        24.99                 187407   
3          16.17  1750.0        22.99                 201682   
4          21.89  1750.0        29.99                 138109   

   TotalPurchaseDollars  TotalSalesDollars  TotalSalesPrice  \
0            3811251.60         5101919.51        672819.31   
1            3804041.22         4819073.49        561512.37   
2            3418303.68         4538120.60        461140.15   
3            3261197.94         4475972.88        420050.01   
4            3023206.01         4223107.62        545778.28   

   TotalSalesQuantity  TotalExciseTax  FreightCost  GrossProfit  ProfitMargin  \
0            142049.0       260999.20     68601.68   1290667.91     25.297693   
1            160247.0       294438.66    144929.24   1015032.27     21.062810   
2            187140.0       343854.07    123780.22   1119816.92     24.675786   
3            200412.0       368242.80    257032.07   1214774.94     27.139908   
4            135838.0       249587.83    257032.07   1199901.61     28.412764   

   StockTurnover  SalestoPurchaseRatio  
0       0.979108              1.338647  
1       0.976890              1.266830  
2       0.998575              1.327594  
3       0.993703              1.372493  
4       0.983556              1.396897  
2026-06-17 17:57:14,222-INFO-Ingesting data.....
2026-06-17 17:57:14,315-INFO-Completed
